<?xml version="1.0" encoding="UTF-8"?>
<!-- Generated by org.testng.reporters.JUnitReportReporter -->
<testsuite skipped="0" hostname="Ruchis-MBP" name="scripts.BuyProduct" tests="1" failures="0" timestamp="2020-10-26T15:18:09 GMT" time="12.577" errors="0">
  <testcase name="test1" time="12.577" classname="scripts.BuyProduct"/>
</testsuite> <!-- scripts.BuyProduct -->
