<?xml version="1.0" encoding="UTF-8"?>
<!-- Generated by org.testng.reporters.JUnitReportReporter -->
<testsuite skipped="0" hostname="Ruchis-MBP" name="scripts.MouseHover" tests="1" failures="0" timestamp="2020-10-26T15:18:24 GMT" time="7.759" errors="0">
  <testcase name="test2" time="7.759" classname="scripts.MouseHover"/>
</testsuite> <!-- scripts.MouseHover -->
