<?xml version="1.0" encoding="UTF-8"?>
<!-- Generated by org.testng.reporters.JUnitReportReporter -->
<testsuite skipped="0" hostname="Ruchis-MBP" name="scripts.BuyGumtre" tests="1" failures="0" timestamp="2020-10-26T15:17:17 GMT" time="9.913" errors="0">
  <testcase name="test5" time="9.913" classname="scripts.BuyGumtre"/>
</testsuite> <!-- scripts.BuyGumtre -->
