<?xml version="1.0" encoding="UTF-8"?>
<!-- Generated by org.testng.reporters.JUnitReportReporter -->
<testsuite skipped="0" hostname="Ruchis-MBP" name="scripts.StartShopping" tests="1" failures="0" timestamp="2020-10-26T15:18:55 GMT" time="6.971" errors="0">
  <testcase name="test4" time="6.971" classname="scripts.StartShopping"/>
</testsuite> <!-- scripts.StartShopping -->
